<?xml version="1.0" encoding="UTF-8"?>
<testsuite xmlns:xsi="http://www.w3.org/2001/XMLSchema-instance" xsi:noNamespaceSchemaLocation="https://maven.apache.org/surefire/maven-surefire-plugin/xsd/surefire-test-report.xsd" version="3.0.2" name="br.mackenzie.mackleaps.api.ApiApplicationTests" time="7.454" tests="1" errors="0" skipped="0" failures="0">
  <properties>
[...]
</properties>
  <testcase name="contextLoads" classname="br.mackenzie.mackleaps.api.ApiApplicationTests" time="2.059">
    <system-out><![CDATA[09:40:26.669 [main] INFO org.springframework.test.context.support.AnnotationConfigContextLoaderUtils -- Could not detect default configuration classes for test class [br.mackenzie.mackleaps.api.ApiApplicationTests]: ApiApplicationTests does not declare any static, non-private, non-final, nested classes annotated with @Configuration.
09:40:27.015 [main] INFO org.springframework.boot.test.context.SpringBootTestContextBootstrapper -- Found @SpringBootConfiguration br.mackenzie.mackleaps.api.ApiApplication for test class br.mackenzie.mackleaps.api.ApiApplicationTests

  .   ____          _            __ _ _
 /\\ / ___'_ __ _ _(_)_ __  __ _ \ \ \ \
( ( )\___ | '_ | '_| | '_ \/ _` | \ \ \ \
 \\/  ___)| |_)| | | | | || (_| |  ) ) ) )
  '  |____| .__|_| |_|_| |_\__, | / / / /
 =========|_|==============|___/=/_/_/_/

 :: Spring Boot ::                (v3.4.1)

2025-04-14T09:40:28.272-03:00  INFO 32200 --- [asset-api] [           main] b.m.mackleaps.api.ApiApplicationTests    : Starting ApiApplicationTests using Java 20.0.2 with PID 32200 (started by marcos in /home/marcos/projetos/rest-api)
2025-04-14T09:40:28.276-03:00  INFO 32200 --- [asset-api] [           main] b.m.mackleaps.api.ApiApplicationTests    : No active profile set, falling back to 1 default profile: "default"
2025-04-14T09:40:31.494-03:00  INFO 32200 --- [asset-api] [           main] b.m.mackleaps.api.ApiApplicationTests    : Started ApiApplicationTests in 4.075 seconds (process running for 7.131)
]]></system-out>
  </testcase>
</testsuite>